total 44
drwxr-xr-x  3 ndk users 4096 11月 26 10:43 .
drwxr-xr-x 11 ndk users 4096 11月 22 10:45 ..
-rw-r--r--  1 ndk users  920 11月 24 15:45 baidu-sh.py
-rw-r--r--  1 ndk users  274 11月 25 17:27 encrypt_file.py
-rw-r--r--  1 ndk users   49 11月 25 17:12 encrypt_file.py~
-rw-r--r--  1 ndk users  570 11月 25 17:24 encrypt_file.pyc
-rwxr-xr-x  1 ndk users   35 9月  16 01:00 hellword.py
-rw-r--r--  1 ndk users   49 11月 25 17:16 runman.py
drwxr-xr-x  2 ndk users 4096 11月 25 15:21 study
lrwxrwxrwx  1 ndk users   35 11月 26 10:41 .#test_zip_passwd_max_len.py -> ndk@linux-mr62.site.1731:1385429224
-rw-r--r--  1 ndk users  177 11月 26 10:41 test_zip_passwd_max_len.py
-rw-r--r--  1 ndk users   11 11月 26 10:10 test_zip_passwd_max_len.py~
-rw-r--r--  1 ndk users    0 11月 26 10:43 text
total 48
drwxr-xr-x  3 ndk users 4096 11月 26 10:43 .
drwxr-xr-x 11 ndk users 4096 11月 22 10:45 ..
-rw-r--r--  1 ndk users  920 11月 24 15:45 baidu-sh.py
-rw-r--r--  1 ndk users  274 11月 25 17:27 encrypt_file.py
-rw-r--r--  1 ndk users   49 11月 25 17:12 encrypt_file.py~
-rw-r--r--  1 ndk users  570 11月 25 17:24 encrypt_file.pyc
-rwxr-xr-x  1 ndk users   35 9月  16 01:00 hellword.py
-rw-r--r--  1 ndk users   49 11月 25 17:16 runman.py
drwxr-xr-x  2 ndk users 4096 11月 25 15:21 study
lrwxrwxrwx  1 ndk users   35 11月 26 10:41 .#test_zip_passwd_max_len.py -> ndk@linux-mr62.site.1731:1385429224
-rw-r--r--  1 ndk users  177 11月 26 10:41 test_zip_passwd_max_len.py
-rw-r--r--  1 ndk users   11 11月 26 10:10 test_zip_passwd_max_len.py~
-rw-r--r--  1 ndk users  804 11月 26 10:43 text
total 48
drwxr-xr-x  3 ndk users 4096 11月 26 10:43 .
drwxr-xr-x 11 ndk users 4096 11月 22 10:45 ..
-rw-r--r--  1 ndk users  920 11月 24 15:45 baidu-sh.py
-rw-r--r--  1 ndk users  274 11月 25 17:27 encrypt_file.py
-rw-r--r--  1 ndk users   49 11月 25 17:12 encrypt_file.py~
-rw-r--r--  1 ndk users  570 11月 25 17:24 encrypt_file.pyc
-rwxr-xr-x  1 ndk users   35 9月  16 01:00 hellword.py
-rw-r--r--  1 ndk users   49 11月 25 17:16 runman.py
drwxr-xr-x  2 ndk users 4096 11月 25 15:21 study
lrwxrwxrwx  1 ndk users   35 11月 26 10:41 .#test_zip_passwd_max_len.py -> ndk@linux-mr62.site.1731:1385429224
-rw-r--r--  1 ndk users  177 11月 26 10:41 test_zip_passwd_max_len.py
-rw-r--r--  1 ndk users   11 11月 26 10:10 test_zip_passwd_max_len.py~
-rw-r--r--  1 ndk users 1608 11月 26 10:43 text
total 48
drwxr-xr-x  3 ndk users 4096 11月 26 10:43 .
drwxr-xr-x 11 ndk users 4096 11月 22 10:45 ..
-rw-r--r--  1 ndk users  920 11月 24 15:45 baidu-sh.py
-rw-r--r--  1 ndk users  274 11月 25 17:27 encrypt_file.py
-rw-r--r--  1 ndk users   49 11月 25 17:12 encrypt_file.py~
-rw-r--r--  1 ndk users  570 11月 25 17:24 encrypt_file.pyc
-rwxr-xr-x  1 ndk users   35 9月  16 01:00 hellword.py
-rw-r--r--  1 ndk users   49 11月 25 17:16 runman.py
drwxr-xr-x  2 ndk users 4096 11月 25 15:21 study
lrwxrwxrwx  1 ndk users   35 11月 26 10:41 .#test_zip_passwd_max_len.py -> ndk@linux-mr62.site.1731:1385429224
-rw-r--r--  1 ndk users  177 11月 26 10:41 test_zip_passwd_max_len.py
-rw-r--r--  1 ndk users   11 11月 26 10:10 test_zip_passwd_max_len.py~
-rw-r--r--  1 ndk users 2412 11月 26 10:43 text
total 48
drwxr-xr-x  3 ndk users 4096 11月 26 10:43 .
drwxr-xr-x 11 ndk users 4096 11月 22 10:45 ..
-rw-r--r--  1 ndk users  920 11月 24 15:45 baidu-sh.py
-rw-r--r--  1 ndk users  274 11月 25 17:27 encrypt_file.py
-rw-r--r--  1 ndk users   49 11月 25 17:12 encrypt_file.py~
-rw-r--r--  1 ndk users  570 11月 25 17:24 encrypt_file.pyc
-rwxr-xr-x  1 ndk users   35 9月  16 01:00 hellword.py
-rw-r--r--  1 ndk users   49 11月 25 17:16 runman.py
drwxr-xr-x  2 ndk users 4096 11月 25 15:21 study
lrwxrwxrwx  1 ndk users   35 11月 26 10:41 .#test_zip_passwd_max_len.py -> ndk@linux-mr62.site.1731:1385429224
-rw-r--r--  1 ndk users  177 11月 26 10:41 test_zip_passwd_max_len.py
-rw-r--r--  1 ndk users   11 11月 26 10:10 test_zip_passwd_max_len.py~
-rw-r--r--  1 ndk users 3216 11月 26 10:43 text
